[0.010s] Invoking command in '/home/jacob/Lawnbot_ws/build/manual_control': CMAKE_PREFIX_PATH=${CMAKE_PREFIX_PATH}:/home/jacob/slambot_ws/install/uno_serial:/opt/ros/jazzy /usr/bin/cmake /home/jacob/Lawnbot_ws/src/manual_control -DCMAKE_INSTALL_PREFIX=/home/jacob/Lawnbot_ws/install/manual_control
[0.186s] -- The C compiler identification is GNU 13.2.0
[0.487s] -- The CXX compiler identification is GNU 13.2.0
[0.826s] -- Detecting C compiler ABI info
[0.980s] -- Detecting C compiler ABI info - done
[0.987s] -- Check for working C compiler: /usr/bin/cc - skipped
[0.987s] -- Detecting C compile features
[0.987s] -- Detecting C compile features - done
[1.036s] -- Detecting CXX compiler ABI info
[1.190s] -- Detecting CXX compiler ABI info - done
[1.197s] -- Check for working CXX compiler: /usr/bin/c++ - skipped
[1.197s] -- Detecting CXX compile features
[1.197s] -- Detecting CXX compile features - done
[1.199s] -- Found ament_cmake: 2.5.2 (/opt/ros/jazzy/share/ament_cmake/cmake)
[1.307s] -- Found Python3: /usr/bin/python3 (found version "3.12.3") found components: Interpreter 
[1.381s] -- Found rclcpp: 28.1.5 (/opt/ros/jazzy/share/rclcpp/cmake)
[1.498s] -- Found rosidl_generator_c: 4.6.4 (/opt/ros/jazzy/share/rosidl_generator_c/cmake)
[1.507s] -- Found rosidl_generator_cpp: 4.6.4 (/opt/ros/jazzy/share/rosidl_generator_cpp/cmake)
[1.517s] -- Using all available rosidl_typesupport_c: rosidl_typesupport_fastrtps_c;rosidl_typesupport_introspection_c
[1.529s] -- Using all available rosidl_typesupport_cpp: rosidl_typesupport_fastrtps_cpp;rosidl_typesupport_introspection_cpp
[1.588s] -- Found rmw_implementation_cmake: 7.3.1 (/opt/ros/jazzy/share/rmw_implementation_cmake/cmake)
[1.590s] -- Found rmw_fastrtps_cpp: 8.4.1 (/opt/ros/jazzy/share/rmw_fastrtps_cpp/cmake)
[1.637s] -- Found OpenSSL: /usr/lib/x86_64-linux-gnu/libcrypto.so (found version "3.0.13")  
[1.745s] -- Found FastRTPS: /opt/ros/jazzy/include (Required is at least version "2.13") 
[1.811s] -- Using RMW implementation 'rmw_fastrtps_cpp' as default
[1.935s] -- Found geometry_msgs: 5.3.5 (/opt/ros/jazzy/share/geometry_msgs/cmake)
[1.959s] -- Found sensor_msgs: 5.3.5 (/opt/ros/jazzy/share/sensor_msgs/cmake)
[1.981s] -- Found ament_lint_auto: 0.17.1 (/opt/ros/jazzy/share/ament_lint_auto/cmake)
[2.075s] -- Added test 'cppcheck' to perform static code analysis on C / C++ code
[2.075s] -- Configured cppcheck include dirs: 
[2.075s] -- Configured cppcheck exclude dirs and/or files: 
[2.076s] -- Added test 'flake8' to check Python code syntax and style conventions
[2.076s] -- Configured 'flake8' exclude dirs and/or files: 
[2.077s] -- Added test 'lint_cmake' to check CMake code style
[2.078s] -- Added test 'pep257' to check Python code against some of the docstring style conventions in PEP 257
[2.079s] -- Added test 'uncrustify' to check C / C++ code style
[2.079s] -- Configured uncrustify additional arguments: 
[2.080s] -- Added test 'xmllint' to check XML markup files
[2.081s] -- Configuring done (2.0s)
[2.090s] -- Generating done (0.0s)
[2.091s] -- Build files have been written to: /home/jacob/Lawnbot_ws/build/manual_control
[2.100s] Invoked command in '/home/jacob/Lawnbot_ws/build/manual_control' returned '0': CMAKE_PREFIX_PATH=${CMAKE_PREFIX_PATH}:/home/jacob/slambot_ws/install/uno_serial:/opt/ros/jazzy /usr/bin/cmake /home/jacob/Lawnbot_ws/src/manual_control -DCMAKE_INSTALL_PREFIX=/home/jacob/Lawnbot_ws/install/manual_control
[2.101s] Invoking command in '/home/jacob/Lawnbot_ws/build/manual_control': CMAKE_PREFIX_PATH=${CMAKE_PREFIX_PATH}:/home/jacob/slambot_ws/install/uno_serial:/opt/ros/jazzy /usr/bin/cmake --build /home/jacob/Lawnbot_ws/build/manual_control -- -j16 -l16
[2.130s] [ 50%] [32mBuilding CXX object CMakeFiles/manual_control.dir/src/manual_control.cpp.o[0m
[11.265s] [100%] [32m[1mLinking CXX executable manual_control[0m
[11.572s] [100%] Built target manual_control
[11.580s] Invoked command in '/home/jacob/Lawnbot_ws/build/manual_control' returned '0': CMAKE_PREFIX_PATH=${CMAKE_PREFIX_PATH}:/home/jacob/slambot_ws/install/uno_serial:/opt/ros/jazzy /usr/bin/cmake --build /home/jacob/Lawnbot_ws/build/manual_control -- -j16 -l16
[11.596s] Invoking command in '/home/jacob/Lawnbot_ws/build/manual_control': CMAKE_PREFIX_PATH=${CMAKE_PREFIX_PATH}:/home/jacob/slambot_ws/install/uno_serial:/opt/ros/jazzy /usr/bin/cmake --install /home/jacob/Lawnbot_ws/build/manual_control
[11.600s] -- Install configuration: ""
[11.600s] -- Installing: /home/jacob/Lawnbot_ws/install/manual_control/lib/manual_control/manual_control
[11.605s] -- Set non-toolchain portion of runtime path of "/home/jacob/Lawnbot_ws/install/manual_control/lib/manual_control/manual_control" to ""
[11.605s] -- Installing: /home/jacob/Lawnbot_ws/install/manual_control/share/manual_control/launch
[11.605s] -- Installing: /home/jacob/Lawnbot_ws/install/manual_control/share/manual_control/launch/manual_control.launch.py
[11.606s] -- Installing: /home/jacob/Lawnbot_ws/install/manual_control/share/ament_index/resource_index/package_run_dependencies/manual_control
[11.606s] -- Installing: /home/jacob/Lawnbot_ws/install/manual_control/share/ament_index/resource_index/parent_prefix_path/manual_control
[11.606s] -- Installing: /home/jacob/Lawnbot_ws/install/manual_control/share/manual_control/environment/ament_prefix_path.sh
[11.607s] -- Installing: /home/jacob/Lawnbot_ws/install/manual_control/share/manual_control/environment/ament_prefix_path.dsv
[11.607s] -- Installing: /home/jacob/Lawnbot_ws/install/manual_control/share/manual_control/environment/path.sh
[11.607s] -- Installing: /home/jacob/Lawnbot_ws/install/manual_control/share/manual_control/environment/path.dsv
[11.607s] -- Installing: /home/jacob/Lawnbot_ws/install/manual_control/share/manual_control/local_setup.bash
[11.608s] -- Installing: /home/jacob/Lawnbot_ws/install/manual_control/share/manual_control/local_setup.sh
[11.608s] -- Installing: /home/jacob/Lawnbot_ws/install/manual_control/share/manual_control/local_setup.zsh
[11.608s] -- Installing: /home/jacob/Lawnbot_ws/install/manual_control/share/manual_control/local_setup.dsv
[11.608s] -- Installing: /home/jacob/Lawnbot_ws/install/manual_control/share/manual_control/package.dsv
[11.608s] -- Installing: /home/jacob/Lawnbot_ws/install/manual_control/share/ament_index/resource_index/packages/manual_control
[11.608s] -- Installing: /home/jacob/Lawnbot_ws/install/manual_control/share/manual_control/cmake/manual_controlConfig.cmake
[11.608s] -- Installing: /home/jacob/Lawnbot_ws/install/manual_control/share/manual_control/cmake/manual_controlConfig-version.cmake
[11.608s] -- Installing: /home/jacob/Lawnbot_ws/install/manual_control/share/manual_control/package.xml
[11.610s] Invoked command in '/home/jacob/Lawnbot_ws/build/manual_control' returned '0': CMAKE_PREFIX_PATH=${CMAKE_PREFIX_PATH}:/home/jacob/slambot_ws/install/uno_serial:/opt/ros/jazzy /usr/bin/cmake --install /home/jacob/Lawnbot_ws/build/manual_control
